app/build/intermediates/manifest_merge_blame_file/debug/manifest-merger-blame-debug-report.txt
1<?xml version="1.0" encoding="utf-8"?>
2<manifest xmlns:android="http://schemas.android.com/apk/res/android"
3    package="com.example.authentication"
4    android:versionCode="1"
5    android:versionName="1.0" >
6
7    <uses-sdk
8        android:minSdkVersion="21"
8-->src\main\AndroidManifest.xml
9        android:targetSdkVersion="29" />
9-->src\main\AndroidManifest.xml
10
11    <uses-permission android:name="android.permission.INTERNET" />
11-->src\main\AndroidManifest.xml:5:5-67
11-->src\main\AndroidManifest.xml:5:22-64
12
13    <!-- Although the *SdkVersion is captured in gradle build files, this is required for non gradle builds -->
14    <!-- <uses-sdk android:minSdkVersion="14" /> -->
15    <uses-permission android:name="android.permission.ACCESS_NETWORK_STATE" />
15-->[com.google.firebase:firebase-firestore:21.7.1] AndroidManifest.xml:13:5-79
15-->[com.google.firebase:firebase-firestore:21.7.1] AndroidManifest.xml:13:22-76
16
17    <application
17-->src\main\AndroidManifest.xml:7:5-23:19
18        android:allowBackup="true"
18-->src\main\AndroidManifest.xml:8:9-35
19        android:appComponentFactory="androidx.core.app.CoreComponentFactory"
19-->[androidx.core:core:1.3.1] AndroidManifest.xml:24:18-86
20        android:debuggable="true"
21        android:icon="@mipmap/ic_launcher"
21-->src\main\AndroidManifest.xml:9:9-43
22        android:label="@string/app_name"
22-->src\main\AndroidManifest.xml:10:9-41
23        android:roundIcon="@mipmap/ic_launcher_round"
23-->src\main\AndroidManifest.xml:11:9-54
24        android:supportsRtl="true"
24-->src\main\AndroidManifest.xml:12:9-35
25        android:testOnly="true"
26        android:theme="@style/AppTheme" >
26-->src\main\AndroidManifest.xml:13:9-40
27        <activity android:name="com.example.authentication.Login" />
27-->src\main\AndroidManifest.xml:14:9-52
27-->src\main\AndroidManifest.xml:14:19-40
28        <activity android:name="com.example.authentication.Register" >
28-->src\main\AndroidManifest.xml:15:9-21:20
28-->src\main\AndroidManifest.xml:15:19-43
29            <intent-filter>
29-->src\main\AndroidManifest.xml:16:13-20:29
30                <action android:name="android.intent.action.MAIN" />
30-->src\main\AndroidManifest.xml:17:17-69
30-->src\main\AndroidManifest.xml:17:25-66
31
32                <category android:name="android.intent.category.LAUNCHER" />
32-->src\main\AndroidManifest.xml:19:17-77
32-->src\main\AndroidManifest.xml:19:27-74
33            </intent-filter>
34        </activity>
35        <activity android:name="com.example.authentication.MainActivity" />
35-->src\main\AndroidManifest.xml:22:9-50
35-->src\main\AndroidManifest.xml:22:19-47
36        <activity
36-->[com.google.firebase:firebase-auth:19.4.0] AndroidManifest.xml:24:9-31:50
37            android:name="com.google.firebase.auth.internal.FederatedSignInActivity"
37-->[com.google.firebase:firebase-auth:19.4.0] AndroidManifest.xml:25:13-85
38            android:excludeFromRecents="true"
38-->[com.google.firebase:firebase-auth:19.4.0] AndroidManifest.xml:26:13-46
39            android:exported="true"
39-->[com.google.firebase:firebase-auth:19.4.0] AndroidManifest.xml:27:13-36
40            android:launchMode="singleTask"
40-->[com.google.firebase:firebase-auth:19.4.0] AndroidManifest.xml:28:13-44
41            android:permission="com.google.firebase.auth.api.gms.permission.LAUNCH_FEDERATED_SIGN_IN"
41-->[com.google.firebase:firebase-auth:19.4.0] AndroidManifest.xml:29:13-102
42            android:theme="@android:style/Theme.Translucent.NoTitleBar" />
42-->[com.google.firebase:firebase-auth:19.4.0] AndroidManifest.xml:30:13-72
43
44        <service
44-->[com.google.firebase:firebase-auth:19.4.0] AndroidManifest.xml:33:9-39:19
45            android:name="com.google.firebase.components.ComponentDiscoveryService"
45-->[com.google.firebase:firebase-auth:19.4.0] AndroidManifest.xml:34:13-84
46            android:directBootAware="true"
46-->[com.google.firebase:firebase-common:19.3.1] AndroidManifest.xml:35:13-43
47            android:exported="false" >
47-->[com.google.firebase:firebase-auth:19.4.0] AndroidManifest.xml:35:13-37
48            <meta-data
48-->[com.google.firebase:firebase-auth:19.4.0] AndroidManifest.xml:36:13-38:85
49                android:name="com.google.firebase.components:com.google.firebase.auth.FirebaseAuthRegistrar"
49-->[com.google.firebase:firebase-auth:19.4.0] AndroidManifest.xml:37:17-109
50                android:value="com.google.firebase.components.ComponentRegistrar" />
50-->[com.google.firebase:firebase-auth:19.4.0] AndroidManifest.xml:38:17-82
51            <meta-data
51-->[com.google.firebase:firebase-firestore:21.7.1] AndroidManifest.xml:20:13-22:85
52                android:name="com.google.firebase.components:com.google.firebase.firestore.FirestoreRegistrar"
52-->[com.google.firebase:firebase-firestore:21.7.1] AndroidManifest.xml:21:17-111
53                android:value="com.google.firebase.components.ComponentRegistrar" />
53-->[com.google.firebase:firebase-firestore:21.7.1] AndroidManifest.xml:22:17-82
54        </service>
55
56        <activity
56-->[com.google.android.gms:play-services-base:17.1.0] AndroidManifest.xml:23:9-26:75
57            android:name="com.google.android.gms.common.api.GoogleApiActivity"
57-->[com.google.android.gms:play-services-base:17.1.0] AndroidManifest.xml:24:13-79
58            android:exported="false"
58-->[com.google.android.gms:play-services-base:17.1.0] AndroidManifest.xml:25:13-37
59            android:theme="@android:style/Theme.Translucent.NoTitleBar" />
59-->[com.google.android.gms:play-services-base:17.1.0] AndroidManifest.xml:26:13-72
60
61        <provider
61-->[com.google.firebase:firebase-common:19.3.1] AndroidManifest.xml:26:9-31:39
62            android:name="com.google.firebase.provider.FirebaseInitProvider"
62-->[com.google.firebase:firebase-common:19.3.1] AndroidManifest.xml:27:13-77
63            android:authorities="com.example.authentication.firebaseinitprovider"
63-->[com.google.firebase:firebase-common:19.3.1] AndroidManifest.xml:28:13-72
64            android:directBootAware="true"
64-->[com.google.firebase:firebase-common:19.3.1] AndroidManifest.xml:29:13-43
65            android:exported="false"
65-->[com.google.firebase:firebase-common:19.3.1] AndroidManifest.xml:30:13-37
66            android:initOrder="100" />
66-->[com.google.firebase:firebase-common:19.3.1] AndroidManifest.xml:31:13-36
67
68        <meta-data
68-->[com.google.android.gms:play-services-basement:17.0.0] AndroidManifest.xml:23:9-25:69
69            android:name="com.google.android.gms.version"
69-->[com.google.android.gms:play-services-basement:17.0.0] AndroidManifest.xml:24:13-58
70            android:value="@integer/google_play_services_version" />
70-->[com.google.android.gms:play-services-basement:17.0.0] AndroidManifest.xml:25:13-66
71    </application>
72
73</manifest>